0 silly input []
1 silly flags { _: [ 'bootstrap' ], args: [] }
2 verbose rootPath /Users/pc/Soft/rn-bridge-monitor
3 info version 2.4.0
4 silly existsSync /Users/pc/Soft/rn-bridge-monitor/VERSION
5 silly initialize attempt
6 silly npmConfig { registry: undefined,
6 silly npmConfig   npmClient: undefined,
6 silly npmConfig   npmClientArgs: undefined,
6 silly npmConfig   mutex: undefined }
7 silly initialize success
8 silly execute attempt
9 info Bootstrapping 3 packages
10 info lifecycle preinstall
11 silly runScript preinstall rn-bridge-monitor-cli
12 silly rn-bridge-monitor-cli
13 silly runScript preinstall rn-bridge-monitor-lib
14 silly rn-bridge-monitor-lib
15 silly runScript preinstall rn-bridge-monitor-ui
16 silly rn-bridge-monitor-ui
17 silly hasDependencyInstalled rn-bridge-monitor-cli chalk
18 silly dependencyIsSatisfied [ 'chalk',
18 silly dependencyIsSatisfied   '^2.1.0',
18 silly dependencyIsSatisfied   '/Users/pc/Soft/rn-bridge-monitor/packages/cli/node_modules' ]
19 verbose dependencyIsSatisfied chalk true
20 silly hasDependencyInstalled rn-bridge-monitor-ui chalk
21 silly dependencyIsSatisfied [ 'chalk',
21 silly dependencyIsSatisfied   '^2.1.0',
21 silly dependencyIsSatisfied   '/Users/pc/Soft/rn-bridge-monitor/packages/ui/node_modules' ]
22 verbose dependencyIsSatisfied chalk false
23 silly hasDependencyInstalled rn-bridge-monitor-cli rn-bridge-monitor-server
24 silly dependencyIsSatisfied [ 'rn-bridge-monitor-server',
24 silly dependencyIsSatisfied   '^0.0.1',
24 silly dependencyIsSatisfied   '/Users/pc/Soft/rn-bridge-monitor/packages/cli/node_modules' ]
25 verbose dependencyIsSatisfied rn-bridge-monitor-server false
26 silly hasDependencyInstalled rn-bridge-monitor-cli yargs
27 silly dependencyIsSatisfied [ 'yargs',
27 silly dependencyIsSatisfied   '^9.0.1',
27 silly dependencyIsSatisfied   '/Users/pc/Soft/rn-bridge-monitor/packages/cli/node_modules' ]
28 verbose dependencyIsSatisfied yargs true
29 silly hasDependencyInstalled rn-bridge-monitor-lib rx
30 silly dependencyIsSatisfied [ 'rx',
30 silly dependencyIsSatisfied   '^4.1.0',
30 silly dependencyIsSatisfied   '/Users/pc/Soft/rn-bridge-monitor/packages/lib/node_modules' ]
31 verbose dependencyIsSatisfied rx true
32 silly hasDependencyInstalled rn-bridge-monitor-lib socket.io-client
33 silly dependencyIsSatisfied [ 'socket.io-client',
33 silly dependencyIsSatisfied   '^2.0.3',
33 silly dependencyIsSatisfied   '/Users/pc/Soft/rn-bridge-monitor/packages/lib/node_modules' ]
34 verbose dependencyIsSatisfied socket.io-client true
35 silly hasDependencyInstalled rn-bridge-monitor-ui socket.io-client
36 silly dependencyIsSatisfied [ 'socket.io-client',
36 silly dependencyIsSatisfied   '^2.0.3',
36 silly dependencyIsSatisfied   '/Users/pc/Soft/rn-bridge-monitor/packages/ui/node_modules' ]
37 verbose dependencyIsSatisfied socket.io-client true
38 silly hasDependencyInstalled rn-bridge-monitor-ui bulma
39 silly dependencyIsSatisfied [ 'bulma',
39 silly dependencyIsSatisfied   '^0.5.3',
39 silly dependencyIsSatisfied   '/Users/pc/Soft/rn-bridge-monitor/packages/ui/node_modules' ]
40 verbose dependencyIsSatisfied bulma true
41 silly hasDependencyInstalled rn-bridge-monitor-ui react
42 silly dependencyIsSatisfied [ 'react',
42 silly dependencyIsSatisfied   '^15.6.1',
42 silly dependencyIsSatisfied   '/Users/pc/Soft/rn-bridge-monitor/packages/ui/node_modules' ]
43 verbose dependencyIsSatisfied react true
44 silly hasDependencyInstalled rn-bridge-monitor-ui react-dom
45 silly dependencyIsSatisfied [ 'react-dom',
45 silly dependencyIsSatisfied   '^15.6.1',
45 silly dependencyIsSatisfied   '/Users/pc/Soft/rn-bridge-monitor/packages/ui/node_modules' ]
46 verbose dependencyIsSatisfied react-dom true
47 silly hasDependencyInstalled rn-bridge-monitor-ui react-scripts
48 silly dependencyIsSatisfied [ 'react-scripts',
48 silly dependencyIsSatisfied   '1.0.13',
48 silly dependencyIsSatisfied   '/Users/pc/Soft/rn-bridge-monitor/packages/ui/node_modules' ]
49 verbose dependencyIsSatisfied react-scripts true
50 silly hasDependencyInstalled rn-bridge-monitor-ui express
51 silly dependencyIsSatisfied [ 'express',
51 silly dependencyIsSatisfied   '^4.16.1',
51 silly dependencyIsSatisfied   '/Users/pc/Soft/rn-bridge-monitor/packages/ui/node_modules' ]
52 verbose dependencyIsSatisfied express true
53 silly hasDependencyInstalled rn-bridge-monitor-ui lodash
54 silly dependencyIsSatisfied [ 'lodash',
54 silly dependencyIsSatisfied   '^4.17.4',
54 silly dependencyIsSatisfied   '/Users/pc/Soft/rn-bridge-monitor/packages/ui/node_modules' ]
55 verbose dependencyIsSatisfied lodash true
56 silly hasDependencyInstalled rn-bridge-monitor-ui moment
57 silly dependencyIsSatisfied [ 'moment',
57 silly dependencyIsSatisfied   '^2.18.1',
57 silly dependencyIsSatisfied   '/Users/pc/Soft/rn-bridge-monitor/packages/ui/node_modules' ]
58 verbose dependencyIsSatisfied moment false
59 silly hasDependencyInstalled rn-bridge-monitor-ui object-sizeof
60 silly dependencyIsSatisfied [ 'object-sizeof',
60 silly dependencyIsSatisfied   '^1.2.0',
60 silly dependencyIsSatisfied   '/Users/pc/Soft/rn-bridge-monitor/packages/ui/node_modules' ]
61 verbose dependencyIsSatisfied object-sizeof false
62 silly hasDependencyInstalled rn-bridge-monitor-ui opn
63 silly dependencyIsSatisfied [ 'opn',
63 silly dependencyIsSatisfied   '^5.1.0',
63 silly dependencyIsSatisfied   '/Users/pc/Soft/rn-bridge-monitor/packages/ui/node_modules' ]
64 verbose dependencyIsSatisfied opn true
65 silly root dependencies []
66 silly leaf dependencies {
66 silly leaf dependencies   "rn-bridge-monitor-cli": [
66 silly leaf dependencies     {
66 silly leaf dependencies       "dependency": "chalk@^2.1.0",
66 silly leaf dependencies       "isSatisfied": true
66 silly leaf dependencies     },
66 silly leaf dependencies     {
66 silly leaf dependencies       "dependency": "rn-bridge-monitor-server@^0.0.1",
66 silly leaf dependencies       "isSatisfied": false
66 silly leaf dependencies     },
66 silly leaf dependencies     {
66 silly leaf dependencies       "dependency": "yargs@^9.0.1",
66 silly leaf dependencies       "isSatisfied": true
66 silly leaf dependencies     }
66 silly leaf dependencies   ],
66 silly leaf dependencies   "rn-bridge-monitor-ui": [
66 silly leaf dependencies     {
66 silly leaf dependencies       "dependency": "chalk@^2.1.0",
66 silly leaf dependencies       "isSatisfied": false
66 silly leaf dependencies     },
66 silly leaf dependencies     {
66 silly leaf dependencies       "dependency": "socket.io-client@^2.0.3",
66 silly leaf dependencies       "isSatisfied": true
66 silly leaf dependencies     },
66 silly leaf dependencies     {
66 silly leaf dependencies       "dependency": "bulma@^0.5.3",
66 silly leaf dependencies       "isSatisfied": true
66 silly leaf dependencies     },
66 silly leaf dependencies     {
66 silly leaf dependencies       "dependency": "react@^15.6.1",
66 silly leaf dependencies       "isSatisfied": true
66 silly leaf dependencies     },
66 silly leaf dependencies     {
66 silly leaf dependencies       "dependency": "react-dom@^15.6.1",
66 silly leaf dependencies       "isSatisfied": true
66 silly leaf dependencies     },
66 silly leaf dependencies     {
66 silly leaf dependencies       "dependency": "react-scripts@1.0.13",
66 silly leaf dependencies       "isSatisfied": true
66 silly leaf dependencies     },
66 silly leaf dependencies     {
66 silly leaf dependencies       "dependency": "express@^4.16.1",
66 silly leaf dependencies       "isSatisfied": true
66 silly leaf dependencies     },
66 silly leaf dependencies     {
66 silly leaf dependencies       "dependency": "lodash@^4.17.4",
66 silly leaf dependencies       "isSatisfied": true
66 silly leaf dependencies     },
66 silly leaf dependencies     {
66 silly leaf dependencies       "dependency": "moment@^2.18.1",
66 silly leaf dependencies       "isSatisfied": false
66 silly leaf dependencies     },
66 silly leaf dependencies     {
66 silly leaf dependencies       "dependency": "object-sizeof@^1.2.0",
66 silly leaf dependencies       "isSatisfied": false
66 silly leaf dependencies     },
66 silly leaf dependencies     {
66 silly leaf dependencies       "dependency": "opn@^5.1.0",
66 silly leaf dependencies       "isSatisfied": true
66 silly leaf dependencies     }
66 silly leaf dependencies   ],
66 silly leaf dependencies   "rn-bridge-monitor-lib": [
66 silly leaf dependencies     {
66 silly leaf dependencies       "dependency": "rx@^4.1.0",
66 silly leaf dependencies       "isSatisfied": true
66 silly leaf dependencies     },
66 silly leaf dependencies     {
66 silly leaf dependencies       "dependency": "socket.io-client@^2.0.3",
66 silly leaf dependencies       "isSatisfied": true
66 silly leaf dependencies     }
66 silly leaf dependencies   ]
66 silly leaf dependencies }
67 info Installing external dependencies
68 verbose actions 2 actions, concurrency 4
69 silly installInDir cli [ 'chalk@^2.1.0',
69 silly installInDir   'rn-bridge-monitor-server@^0.0.1',
69 silly installInDir   'yargs@^9.0.1' ]
70 silly installInDir backup /Users/pc/Soft/rn-bridge-monitor/packages/cli/package.json
71 silly rename [ '/Users/pc/Soft/rn-bridge-monitor/packages/cli/package.json',
71 silly rename   '/Users/pc/Soft/rn-bridge-monitor/packages/cli/package.json.lerna_backup' ]
72 silly installInDir ui [ 'chalk@^2.1.0',
72 silly installInDir   'socket.io-client@^2.0.3',
72 silly installInDir   'bulma@^0.5.3',
72 silly installInDir   'react@^15.6.1',
72 silly installInDir   'react-dom@^15.6.1',
72 silly installInDir   'react-scripts@1.0.13',
72 silly installInDir   'express@^4.16.1',
72 silly installInDir   'lodash@^4.17.4',
72 silly installInDir   'moment@^2.18.1',
72 silly installInDir   'object-sizeof@^1.2.0',
72 silly installInDir   'opn@^5.1.0' ]
73 silly installInDir backup /Users/pc/Soft/rn-bridge-monitor/packages/ui/package.json
74 silly rename [ '/Users/pc/Soft/rn-bridge-monitor/packages/ui/package.json',
74 silly rename   '/Users/pc/Soft/rn-bridge-monitor/packages/ui/package.json.lerna_backup' ]
75 silly installInDir writing tempJson { dependencies:
75 silly installInDir    { chalk: '^2.1.0',
75 silly installInDir      'rn-bridge-monitor-server': '^0.0.1',
75 silly installInDir      yargs: '^9.0.1' } }
76 silly installInDir writing tempJson { dependencies:
76 silly installInDir    { chalk: '^2.1.0',
76 silly installInDir      'socket.io-client': '^2.0.3',
76 silly installInDir      bulma: '^0.5.3',
76 silly installInDir      react: '^15.6.1',
76 silly installInDir      'react-dom': '^15.6.1',
76 silly installInDir      'react-scripts': '1.0.13',
76 silly installInDir      express: '^4.16.1',
76 silly installInDir      lodash: '^4.17.4',
76 silly installInDir      moment: '^2.18.1',
76 silly installInDir      'object-sizeof': '^1.2.0',
76 silly installInDir      opn: '^5.1.0' } }
77 silly getExecOpts { cwd: '/Users/pc/Soft/rn-bridge-monitor/packages/cli' }
78 silly installInDir [ 'npm', [ 'install' ] ]
79 silly getExecOpts { cwd: '/Users/pc/Soft/rn-bridge-monitor/packages/ui' }
80 silly installInDir [ 'npm', [ 'install' ] ]
81 silly installInDir cleanup /Users/pc/Soft/rn-bridge-monitor/packages/cli/package.json
82 silly renameSync [ '/Users/pc/Soft/rn-bridge-monitor/packages/cli/package.json.lerna_backup',
82 silly renameSync   '/Users/pc/Soft/rn-bridge-monitor/packages/cli/package.json' ]
83 verbose installed leaf rn-bridge-monitor-cli
84 error execute callback with error
85 error Error: Command failed: npm install
85 error npm ERR! code ENOVERSIONS
85 error npm ERR! No valid versions available for rn-bridge-monitor-server
85 error
85 error npm ERR! A complete log of this run can be found in:
85 error npm ERR!     /Users/pc/.npm/_logs/2017-10-09T05_54_32_886Z-debug.log
85 error
85 error     at Promise.all.then.arr (/Users/pc/Soft/rn-bridge-monitor/node_modules/lerna/node_modules/execa/index.js:236:11)
85 error     at <anonymous>
